{
  "stats": {
    "suites": 0,
    "tests": 1,
    "passes": 1,
    "pending": 0,
    "failures": 0,
    "start": "2022-11-08T18:06:03.731Z",
    "end": "2022-11-08T18:06:52.082Z",
    "duration": 48351,
    "testsRegistered": 1,
    "passPercent": 100,
    "pendingPercent": 0,
    "other": 0,
    "hasOther": false,
    "skipped": 0,
    "hasSkipped": false
  },
  "results": [
    {
      "uuid": "4d2ad2e3-f714-4d97-8d93-1ead773fb6da",
      "title": "",
      "fullFile": "cypress\\e2e\\addLikesTest.cy.js",
      "file": "cypress\\e2e\\addLikesTest.cy.js",
      "beforeHooks": [],
      "afterHooks": [],
      "tests": [
        {
          "title": "Add multiple likes to article",
          "fullTitle": "Add multiple likes to article",
          "timedOut": null,
          "duration": 48324,
          "state": "passed",
          "speed": "slow",
          "pass": true,
          "fail": false,
          "pending": false,
          "context": null,
          "code": "addMultipleLikes(10);",
          "err": {},
          "uuid": "60bda019-6221-405c-9e54-c54695edcf38",
          "parentUUID": "4d2ad2e3-f714-4d97-8d93-1ead773fb6da",
          "isHook": false,
          "skipped": false
        }
      ],
      "suites": [],
      "passes": [
        "60bda019-6221-405c-9e54-c54695edcf38"
      ],
      "failures": [],
      "pending": [],
      "skipped": [],
      "duration": 48324,
      "root": true,
      "rootEmpty": false,
      "_timeout": 2000
    }
  ],
  "meta": {
    "mocha": {
      "version": "7.0.1"
    },
    "mochawesome": {
      "options": {
        "quiet": false,
        "reportFilename": "mochawesome",
        "saveHtml": true,
        "saveJson": true,
        "consoleReporter": "spec",
        "useInlineDiffs": false,
        "code": true
      },
      "version": "7.1.3"
    },
    "marge": {
      "options": {
        "reportDir": "cypress/results",
        "overwrite": false,
        "html": true,
        "json": true
      },
      "version": "6.2.0"
    }
  }
}