{
  "stats": {
    "suites": 0,
    "tests": 1,
    "passes": 1,
    "pending": 0,
    "failures": 0,
    "start": "2022-11-08T18:07:11.152Z",
    "end": "2022-11-08T18:07:12.295Z",
    "duration": 1143,
    "testsRegistered": 1,
    "passPercent": 100,
    "pendingPercent": 0,
    "other": 0,
    "hasOther": false,
    "skipped": 0,
    "hasSkipped": false
  },
  "results": [
    {
      "uuid": "91982eda-f546-4f2c-8bfc-a09c4be45244",
      "title": "",
      "fullFile": "cypress\\e2e\\verifyLoginHelper.cy.js",
      "file": "cypress\\e2e\\verifyLoginHelper.cy.js",
      "beforeHooks": [],
      "afterHooks": [],
      "tests": [
        {
          "title": "Verify login helper",
          "fullTitle": "Verify login helper",
          "timedOut": null,
          "duration": 1110,
          "state": "passed",
          "speed": "fast",
          "pass": true,
          "fail": false,
          "pending": false,
          "context": null,
          "code": "_HomePage.default.visit();\n_HomePage.default.getProfileButton().should('be.visible');",
          "err": {},
          "uuid": "9a3b697b-d44c-4b09-8674-51413c98030c",
          "parentUUID": "91982eda-f546-4f2c-8bfc-a09c4be45244",
          "isHook": false,
          "skipped": false
        }
      ],
      "suites": [],
      "passes": [
        "9a3b697b-d44c-4b09-8674-51413c98030c"
      ],
      "failures": [],
      "pending": [],
      "skipped": [],
      "duration": 1110,
      "root": true,
      "rootEmpty": false,
      "_timeout": 2000
    }
  ],
  "meta": {
    "mocha": {
      "version": "7.0.1"
    },
    "mochawesome": {
      "options": {
        "quiet": false,
        "reportFilename": "mochawesome",
        "saveHtml": true,
        "saveJson": true,
        "consoleReporter": "spec",
        "useInlineDiffs": false,
        "code": true
      },
      "version": "7.1.3"
    },
    "marge": {
      "options": {
        "reportDir": "cypress/results",
        "overwrite": false,
        "html": true,
        "json": true
      },
      "version": "6.2.0"
    }
  }
}